
> polished@5.0.0 build /Users/brianhough/Repos/polished
> esbuild src/index.ts --bundle --format=esm --outfile=dist/polished.esm.js --minify --sourcemap --target=es2015

✘ [ERROR] Expected ")" but found ":"

    src/helpers/getValueAndUnit.js:27:45:
      27 │ ...rt default function getValueAndUnit(value: string | number): any {
         │                                             ^
         ╵                                             )

✘ [ERROR] Expected "from" but found "{"

    src/mixins/ellipsis.js:2:12:
      2 │ import type { Styles } from '../types/style'
        │             ^
        ╵             from

✘ [ERROR] Expected "from" but found "{"

    src/helpers/important.js:2:12:
      2 │ import type { Styles } from '../types/style'
        │             ^
        ╵             from

✘ [ERROR] Expected "from" but found "{"

    src/helpers/directionalProperty.js:4:12:
      4 │ import type { Styles } from '../types/style'
        │             ^
        ╵             from

✘ [ERROR] Expected "from" but found "{"

    src/helpers/modularScale.js:5:12:
      5 │ import type { ModularScaleRatio } from '../types/modularScaleRatio'
        │             ^
        ╵             from

✘ [ERROR] Expected "from" but found "{"

    src/mixins/fontFace.js:4:12:
      4 │ import type { FontFaceConfiguration } from '../types/fontFaceConfig...
        │             ^
        ╵             from

6 of 73 errors shown (disable the message limit with --log-limit=0)
 ELIFECYCLE  Command failed with exit code 1.
